0 info it worked if it ends with ok
1 verbose cli [ '/usr/local/bin/node', '/usr/local/bin/npm', 'restart' ]
2 info using npm@3.5.3
3 info using node@v4.2.4
4 verbose run-script [ 'prerestart',
4 verbose run-script   'prestop',
4 verbose run-script   'stop',
4 verbose run-script   'poststop',
4 verbose run-script   'restart',
4 verbose run-script   'prestart',
4 verbose run-script   'start',
4 verbose run-script   'poststart',
4 verbose run-script   'postrestart' ]
5 info lifecycle kanban_app@1.0.0~prerestart: kanban_app@1.0.0
6 silly lifecycle kanban_app@1.0.0~prerestart: no script for prerestart, continuing
7 info lifecycle kanban_app@1.0.0~prestop: kanban_app@1.0.0
8 silly lifecycle kanban_app@1.0.0~prestop: no script for prestop, continuing
9 info lifecycle kanban_app@1.0.0~stop: kanban_app@1.0.0
10 silly lifecycle kanban_app@1.0.0~stop: no script for stop, continuing
11 info lifecycle kanban_app@1.0.0~poststop: kanban_app@1.0.0
12 silly lifecycle kanban_app@1.0.0~poststop: no script for poststop, continuing
13 info lifecycle kanban_app@1.0.0~restart: kanban_app@1.0.0
14 silly lifecycle kanban_app@1.0.0~restart: no script for restart, continuing
15 info lifecycle kanban_app@1.0.0~prestart: kanban_app@1.0.0
16 silly lifecycle kanban_app@1.0.0~prestart: no script for prestart, continuing
17 info lifecycle kanban_app@1.0.0~start: kanban_app@1.0.0
18 verbose lifecycle kanban_app@1.0.0~start: unsafe-perm in lifecycle true
19 verbose lifecycle kanban_app@1.0.0~start: PATH: /usr/local/lib/node_modules/npm/bin/node-gyp-bin:/Users/ouphilli/kanban_app/node_modules/.bin:/Users/ouphilli/.rbenv/shims:/usr/local/bin:/usr/local/bin:/usr/bin:/bin:/usr/sbin:/sbin:/usr/local/go/bin:/usr/local/go/bin
20 verbose lifecycle kanban_app@1.0.0~start: CWD: /Users/ouphilli/kanban_app
21 silly lifecycle kanban_app@1.0.0~start: Args: [ '-c', 'webpack-dev-server' ]
22 silly lifecycle kanban_app@1.0.0~start: Returned: code: 1  signal: null
23 info lifecycle kanban_app@1.0.0~start: Failed to exec start script
24 verbose stack Error: kanban_app@1.0.0 start: `webpack-dev-server`
24 verbose stack Exit status 1
24 verbose stack     at EventEmitter.<anonymous> (/usr/local/lib/node_modules/npm/lib/utils/lifecycle.js:232:16)
24 verbose stack     at emitTwo (events.js:87:13)
24 verbose stack     at EventEmitter.emit (events.js:172:7)
24 verbose stack     at ChildProcess.<anonymous> (/usr/local/lib/node_modules/npm/lib/utils/spawn.js:24:14)
24 verbose stack     at emitTwo (events.js:87:13)
24 verbose stack     at ChildProcess.emit (events.js:172:7)
24 verbose stack     at maybeClose (internal/child_process.js:818:16)
24 verbose stack     at Process.ChildProcess._handle.onexit (internal/child_process.js:211:5)
25 verbose pkgid kanban_app@1.0.0
26 verbose cwd /Users/ouphilli/kanban_app
27 error Darwin 14.5.0
28 error argv "/usr/local/bin/node" "/usr/local/bin/npm" "restart"
29 error node v4.2.4
30 error npm  v3.5.3
31 error code ELIFECYCLE
32 error kanban_app@1.0.0 start: `webpack-dev-server`
32 error Exit status 1
33 error Failed at the kanban_app@1.0.0 start script 'webpack-dev-server'.
33 error Make sure you have the latest version of node.js and npm installed.
33 error If you do, this is most likely a problem with the kanban_app package,
33 error not with npm itself.
33 error Tell the author that this fails on your system:
33 error     webpack-dev-server
33 error You can get information on how to open an issue for this project with:
33 error     npm bugs kanban_app
33 error Or if that isn't available, you can get their info via:
33 error     npm owner ls kanban_app
33 error There is likely additional logging output above.
34 verbose exit [ 1, true ]
